<?xml version="1.0" encoding="UTF-8"?>
<!-- Generated by org.testng.reporters.JUnitXMLReporter -->
<testsuite ignored="0" hostname="DESKTOP-BI2JSEP" failures="0" tests="11" name="Chrome Test" time="552.318" errors="0" timestamp="2021-10-31T11:24:20 IST">
  <testcase classname="selenium.POM.ThreadLocal.testcases.S012.S0129_CreateNewAcount" name="newAccountCreate" time="30.936"/>
  <testcase classname="selenium.POM.ThreadLocal.testcases.S012.S0129_CreateNewAcount" name="newAccountCreate" time="31.848"/>
  <testcase classname="selenium.POM.ThreadLocal.testcases.S012.S0129_CreateNewAcount" name="newAccountCreate" time="31.07"/>
  <testcase classname="selenium.POM.ThreadLocal.testcases.S012.S0130_EditAccount" name="editAcount" time="46.344"/>
  <testcase classname="selenium.POM.ThreadLocal.testcases.S012.S0130_EditAccount" name="editAcount" time="44.648">
    <skipped/>
  </testcase> <!-- editAcount -->
  <testcase classname="selenium.POM.ThreadLocal.testcases.S012.S0130_EditAccount" name="editAcount" time="42.717"/>
  <testcase classname="selenium.POM.ThreadLocal.testcases.S012.S0130_EditAccount" name="editAcount" time="42.124"/>
  <testcase classname="selenium.POM.ThreadLocal.testcases.S012.S0131_DeleteAccount" name="deleteAcount" time="32.336"/>
  <testcase classname="selenium.POM.ThreadLocal.testcases.S012.S0131_DeleteAccount" name="deleteAcount" time="26.966"/>
  <testcase classname="selenium.POM.ThreadLocal.testcases.S012.S0131_DeleteAccount" name="deleteAcount" time="32.224"/>
  <testcase classname="selenium.POM.ThreadLocal.testcases.S012.S0132_SortAccounts" name="sortAcount" time="35.927"/>
</testsuite> <!-- Chrome Test -->
