<?xml version="1.0" encoding="UTF-8"?>
<!-- Generated by org.testng.reporters.JUnitXMLReporter -->
<testsuite ignored="0" hostname="DESKTOP-BI2JSEP" failures="0" tests="3" name="Chrome Test" time="145.425" errors="0" timestamp="2021-10-30T11:09:48 IST">
  <testcase classname="selenium.POM.ThreadLocal.testcases.S012.S0129_CreateNewAcount" name="newAccountCreate" time="29.719"/>
  <testcase classname="selenium.POM.ThreadLocal.testcases.S012.S0129_CreateNewAcount" name="newAccountCreate" time="30.688"/>
  <testcase classname="selenium.POM.ThreadLocal.testcases.S012.S0129_CreateNewAcount" name="newAccountCreate" time="34.914"/>
</testsuite> <!-- Chrome Test -->
