<?xml version="1.0" encoding="UTF-8"?>
<!-- Generated by org.testng.reporters.JUnitXMLReporter -->
<testsuite ignored="0" hostname="DESKTOP-BI2JSEP" failures="0" tests="5" name="FirefoxTest" time="186.333" errors="0" timestamp="2021-10-11T00:06:23 IST">
  <testcase classname="selenium.testNG.WorkType.S01961_CreateNewWorkType" name="CreateNewWorkType" time="20.814"/>
  <testcase classname="selenium.testNG.WorkType.S01962_EditWorkTypeNegative" name="EditWorkTypeNegative" time="18.253"/>
  <testcase classname="selenium.testNG.WorkType.S01965_alertmessageforWorkType" name="alertmessageforWorkType" time="16.512"/>
  <testcase classname="selenium.testNG.WorkType.S01963_EditWorkType" name="EditWorkType" time="18.876"/>
  <testcase classname="selenium.testNG.WorkType.S01964_DeleteWorkType" name="DeleteWorkType" time="17.013"/>
</testsuite> <!-- FirefoxTest -->
