<?xml version="1.0" encoding="UTF-8"?>
<!-- Generated by org.testng.reporters.JUnitXMLReporter -->
<testsuite ignored="2" hostname="DESKTOP-BI2JSEP" failures="0" tests="3" name="FirefoxTest" time="126.407" errors="0" timestamp="2021-10-16T17:26:43 IST">
  <testcase classname="selenium.testNG.WorkType.S01961_CreateNewWorkType" name="CreateNewWorkType" time="22.183"/>
  <testcase classname="selenium.testNG.WorkType.S01962_EditWorkTypeNegative" name="EditWorkTypeNegative" time="18.335"/>
  <testcase classname="selenium.testNG.WorkType.S01963_EditWorkType" name="EditWorkType" time="19.396"/>
  <testcase classname="selenium.testNG.WorkType.S01965_alertmessageforWorkType" name="alertmessageforWorkType" time="0.0">
    <ignored/>
  </testcase> <!-- alertmessageforWorkType -->
  <testcase classname="selenium.testNG.WorkType.S01964_DeleteWorkType" name="DeleteWorkType" time="0.0">
    <ignored/>
  </testcase> <!-- DeleteWorkType -->
</testsuite> <!-- FirefoxTest -->
