<?xml version="1.0" encoding="UTF-8"?>
<!-- Generated by org.testng.reporters.JUnitXMLReporter -->
<testsuite ignored="0" hostname="DESKTOP-BI2JSEP" failures="0" tests="3" name="Firefox Test" time="161.081" errors="0" timestamp="2021-10-30T11:10:03 IST">
  <testcase classname="selenium.POM.ThreadLocal.testcases.S012.S0129_CreateNewAcount" name="newAccountCreate" time="29.977"/>
  <testcase classname="selenium.POM.ThreadLocal.testcases.S012.S0129_CreateNewAcount" name="newAccountCreate" time="28.961"/>
  <testcase classname="selenium.POM.ThreadLocal.testcases.S012.S0129_CreateNewAcount" name="newAccountCreate" time="27.358"/>
</testsuite> <!-- Firefox Test -->
