<?xml version="1.0" encoding="UTF-8"?>
<!-- Generated by org.testng.reporters.JUnitXMLReporter -->
<testsuite ignored="0" hostname="DESKTOP-BI2JSEP" failures="0" tests="5" name="FirefoxTest" time="187.585" errors="0" timestamp="2021-10-16T01:08:47 IST">
  <testcase classname="selenium.testNG.WorkType.S01961_CreateNewWorkType" name="CreateNewWorkType" time="25.615"/>
  <testcase classname="selenium.testNG.WorkType.S01962_EditWorkTypeNegative" name="EditWorkTypeNegative" time="17.846"/>
  <testcase classname="selenium.testNG.WorkType.S01965_alertmessageforWorkType" name="alertmessageforWorkType" time="16.945"/>
  <testcase classname="selenium.testNG.WorkType.S01963_EditWorkType" name="EditWorkType" time="18.971"/>
  <testcase classname="selenium.testNG.WorkType.S01964_DeleteWorkType" name="DeleteWorkType" time="14.081"/>
</testsuite> <!-- FirefoxTest -->
