<?xml version="1.0" encoding="UTF-8"?>
<!-- Generated by org.testng.reporters.JUnitXMLReporter -->
<testsuite ignored="3" hostname="DESKTOP-BI2JSEP" failures="1" tests="12" name="FirefoxTest" time="477.446" errors="0" timestamp="2021-10-31T14:00:42 IST">
  <testcase classname="selenium.POM.ThreadLocal.testcases.S017.S0153_CreateNewCase" name="newCaseCreation" time="27.137"/>
  <testcase classname="selenium.POM.ThreadLocal.testcases.S017.S0153_CreateNewCase" name="newCaseCreation" time="27.72"/>
  <testcase classname="selenium.POM.ThreadLocal.testcases.S017.S0153_CreateNewCase" name="newCaseCreation" time="28.024"/>
  <testcase classname="selenium.POM.ThreadLocal.testcases.S017.S0156_CreateCasewithoutmandatoryfields" name="newCaseCreationNegative" time="31.508"/>
  <testcase classname="selenium.POM.ThreadLocal.testcases.S017.S0156_CreateCasewithoutmandatoryfields" name="newCaseCreationNegative" time="30.446"/>
  <testcase classname="selenium.POM.ThreadLocal.testcases.S017.S0154_EditCase" name="editCase" time="24.141"/>
  <testcase classname="selenium.POM.ThreadLocal.testcases.S017.S0154_EditCase" name="editCase" time="15.601">
    <skipped/>
  </testcase> <!-- editCase -->
  <testcase classname="selenium.POM.ThreadLocal.testcases.S017.S0154_EditCase" name="editCase" time="20.767">
    <failure type="org.openqa.selenium.ElementNotInteractableException" message="Element &amp;lt;a href=&amp;quot;javascript:void(0);&amp;quot;&amp;gt; could not be scrolled into view
Build info: version: &amp;apos;4.0.0-rc-2&amp;apos;, revision: &amp;apos;8d1e4aa5ae&amp;apos;
System info: host: &amp;apos;DESKTOP-BI2JSEP&amp;apos;, ip: &amp;apos;192.168.0.186&amp;apos;, os.name: &amp;apos;Windows 10&amp;apos;, os.arch: &amp;apos;amd64&amp;apos;, os.version: &amp;apos;10.0&amp;apos;, java.version: &amp;apos;16.0.1&amp;apos;
Driver info: org.openqa.selenium.firefox.FirefoxDriver
Command: [69ec8e3c-8387-41f9-88ec-41b68144c347, clickElement {id=38fb4885-2a82-4bd0-84db-e9067f9f49e9}]
Capabilities {acceptInsecureCerts: true, browserName: firefox, browserVersion: 93.0, javascriptEnabled: true, moz:accessibilityChecks: false, moz:buildID: 20210927210923, moz:debuggerAddress: localhost:35064, moz:geckodriverVersion: 0.30.0, moz:headless: false, moz:processID: 30632, moz:profile: C:\Users\velsp\AppData\Loca..., moz:shutdownTimeout: 60000, moz:useNonSpecCompliantPointerOrigin: false, moz:webdriverClick: true, pageLoadStrategy: normal, platform: WINDOWS, platformName: WINDOWS, platformVersion: 10.0, proxy: Proxy(), se:cdp: ws://localhost:35064/devtoo..., se:cdpVersion: 85, setWindowRect: true, strictFileInteractability: false, timeouts: {implicit: 0, pageLoad: 300000, script: 30000}, unhandledPromptBehavior: dismiss and notify}
Element: [[FirefoxDriver: firefox on WINDOWS (69ec8e3c-8387-41f9-88ec-41b68144c347)] -&amp;gt; xpath: (//a[@title=&amp;apos;Edit&amp;apos;])]
Session ID: 69ec8e3c-8387-41f9-88ec-41b68144c347">
      <![CDATA[org.openqa.selenium.ElementNotInteractableException: Element <a href="javascript:void(0);"> could not be scrolled into view
Build info: version: '4.0.0-rc-2', revision: '8d1e4aa5ae'
System info: host: 'DESKTOP-BI2JSEP', ip: '192.168.0.186', os.name: 'Windows 10', os.arch: 'amd64', os.version: '10.0', java.version: '16.0.1'
Driver info: org.openqa.selenium.firefox.FirefoxDriver
Command: [69ec8e3c-8387-41f9-88ec-41b68144c347, clickElement {id=38fb4885-2a82-4bd0-84db-e9067f9f49e9}]
Capabilities {acceptInsecureCerts: true, browserName: firefox, browserVersion: 93.0, javascriptEnabled: true, moz:accessibilityChecks: false, moz:buildID: 20210927210923, moz:debuggerAddress: localhost:35064, moz:geckodriverVersion: 0.30.0, moz:headless: false, moz:processID: 30632, moz:profile: C:\Users\velsp\AppData\Loca..., moz:shutdownTimeout: 60000, moz:useNonSpecCompliantPointerOrigin: false, moz:webdriverClick: true, pageLoadStrategy: normal, platform: WINDOWS, platformName: WINDOWS, platformVersion: 10.0, proxy: Proxy(), se:cdp: ws://localhost:35064/devtoo..., se:cdpVersion: 85, setWindowRect: true, strictFileInteractability: false, timeouts: {implicit: 0, pageLoad: 300000, script: 30000}, unhandledPromptBehavior: dismiss and notify}
Element: [[FirefoxDriver: firefox on WINDOWS (69ec8e3c-8387-41f9-88ec-41b68144c347)] -> xpath: (//a[@title='Edit'])]
Session ID: 69ec8e3c-8387-41f9-88ec-41b68144c347
at java.base/jdk.internal.reflect.NativeConstructorAccessorImpl.newInstance0(Native Method)
at java.base/jdk.internal.reflect.NativeConstructorAccessorImpl.newInstance(NativeConstructorAccessorImpl.java:78)
at java.base/jdk.internal.reflect.DelegatingConstructorAccessorImpl.newInstance(DelegatingConstructorAccessorImpl.java:45)
at java.base/java.lang.reflect.Constructor.newInstanceWithCaller(Constructor.java:499)
at java.base/java.lang.reflect.Constructor.newInstance(Constructor.java:480)
at org.openqa.selenium.remote.codec.w3c.W3CHttpResponseCodec.createException(W3CHttpResponseCodec.java:200)
at org.openqa.selenium.remote.codec.w3c.W3CHttpResponseCodec.decode(W3CHttpResponseCodec.java:133)
at org.openqa.selenium.remote.codec.w3c.W3CHttpResponseCodec.decode(W3CHttpResponseCodec.java:53)
at org.openqa.selenium.remote.HttpCommandExecutor.execute(HttpCommandExecutor.java:184)
at org.openqa.selenium.remote.service.DriverCommandExecutor.invokeExecute(DriverCommandExecutor.java:164)
at org.openqa.selenium.remote.service.DriverCommandExecutor.execute(DriverCommandExecutor.java:139)
at org.openqa.selenium.remote.RemoteWebDriver.execute(RemoteWebDriver.java:559)
at org.openqa.selenium.remote.RemoteWebElement.execute(RemoteWebElement.java:251)
at org.openqa.selenium.remote.RemoteWebElement.click(RemoteWebElement.java:77)
at selenium.POM.ThreadLocal.pages.CasesPage.clickEdit(CasesPage.java:27)
at selenium.POM.ThreadLocal.testcases.S017.S0154_EditCase.editCase(S0154_EditCase.java:46)
at java.base/jdk.internal.reflect.NativeMethodAccessorImpl.invoke0(Native Method)
at java.base/jdk.internal.reflect.NativeMethodAccessorImpl.invoke(NativeMethodAccessorImpl.java:78)
at java.base/jdk.internal.reflect.DelegatingMethodAccessorImpl.invoke(DelegatingMethodAccessorImpl.java:43)
at java.base/java.lang.reflect.Method.invoke(Method.java:567)
at org.testng.internal.MethodInvocationHelper.invokeMethod(MethodInvocationHelper.java:133)
at org.testng.internal.TestInvoker.invokeMethod(TestInvoker.java:598)
at org.testng.internal.TestInvoker.retryFailed(TestInvoker.java:213)
at org.testng.internal.MethodRunner.runInSequence(MethodRunner.java:58)
at org.testng.internal.TestInvoker$MethodInvocationAgent.invoke(TestInvoker.java:824)
at org.testng.internal.TestInvoker.invokeTestMethods(TestInvoker.java:146)
at org.testng.internal.TestMethodWorker.invokeTestMethods(TestMethodWorker.java:146)
at org.testng.internal.TestMethodWorker.run(TestMethodWorker.java:128)
at java.base/java.util.ArrayList.forEach(ArrayList.java:1511)
at org.testng.TestRunner.privateRun(TestRunner.java:794)
at org.testng.TestRunner.run(TestRunner.java:596)
at org.testng.SuiteRunner.runTest(SuiteRunner.java:377)
at org.testng.SuiteRunner.access$000(SuiteRunner.java:28)
at org.testng.SuiteRunner$SuiteWorker.run(SuiteRunner.java:418)
at org.testng.internal.thread.ThreadUtil.lambda$execute$0(ThreadUtil.java:64)
at java.base/java.util.concurrent.FutureTask.run(FutureTask.java:264)
at java.base/java.util.concurrent.ThreadPoolExecutor.runWorker(ThreadPoolExecutor.java:1130)
at java.base/java.util.concurrent.ThreadPoolExecutor$Worker.run(ThreadPoolExecutor.java:630)
at java.base/java.lang.Thread.run(Thread.java:831)
]]>
    </failure>
  </testcase> <!-- editCase -->
  <testcase classname="selenium.POM.ThreadLocal.testcases.S017.S0154_EditCase" name="editCase" time="25.161"/>
  <testcase classname="selenium.POM.ThreadLocal.testcases.S017.S0155_DeleteCase" name="deleteCase" time="23.158"/>
  <testcase classname="selenium.POM.ThreadLocal.testcases.S017.S0155_DeleteCase" name="deleteCase" time="18.21"/>
  <testcase classname="selenium.POM.ThreadLocal.testcases.S017.S0155_DeleteCase" name="deleteCase" time="18.399"/>
  <testcase classname="selenium.POM.ThreadLocal.BaseClass.BaseClass" name="@BeforeTest listInitialization" time="0.0">
    <ignored/>
  </testcase> <!-- @BeforeTest listInitialization -->
  <testcase classname="selenium.POM.ThreadLocal.BaseClass.BaseClass" name="@BeforeTest listInitialization" time="0.0">
    <ignored/>
  </testcase> <!-- @BeforeTest listInitialization -->
  <testcase classname="selenium.POM.ThreadLocal.BaseClass.BaseClass" name="@BeforeTest listInitialization" time="0.0">
    <ignored/>
  </testcase> <!-- @BeforeTest listInitialization -->
</testsuite> <!-- FirefoxTest -->
