<?xml version="1.0" encoding="UTF-8"?>
<!-- Generated by org.testng.reporters.JUnitXMLReporter -->
<testsuite ignored="0" hostname="DESKTOP-BI2JSEP" failures="0" tests="11" name="Test" time="358.276" errors="0" timestamp="2021-10-17T19:36:10 IST">
  <testcase classname="selenium.S017.S0153_CreateNewCase" name="newCaseCreation" time="10.868"/>
  <testcase classname="selenium.S017.S0153_CreateNewCase" name="newCaseCreation" time="12.89"/>
  <testcase classname="selenium.S017.S0153_CreateNewCase" name="newCaseCreation" time="9.675"/>
  <testcase classname="selenium.S017.S0154_EditCase" name="editCase" time="6.281"/>
  <testcase classname="selenium.S017.S0154_EditCase" name="editCase" time="5.357"/>
  <testcase classname="selenium.S017.S0154_EditCase" name="editCase" time="6.815"/>
  <testcase classname="selenium.S017.S0155_DeleteCase" name="deleteCase" time="5.764"/>
  <testcase classname="selenium.S017.S0155_DeleteCase" name="deleteCase" time="4.737"/>
  <testcase classname="selenium.S017.S0155_DeleteCase" name="deleteCase" time="5.457"/>
  <testcase classname="selenium.S017.S0156_CreateCasewithoutmandatoryfields" name="newCaseCreationNegative" time="12.133"/>
  <testcase classname="selenium.S017.S0156_CreateCasewithoutmandatoryfields" name="newCaseCreationNegative" time="11.835"/>
</testsuite> <!-- Test -->
