<?xml version="1.0" encoding="UTF-8"?>
<testng-results retried="1" ignored="6" total="29" passed="21" failed="1" skipped="0">
  <reporter-output>
  </reporter-output>
  <suite started-at="2021-10-31T13:52:44 IST" name="Suite" finished-at="2021-10-31T14:00:42 IST" duration-ms="477446">
    <groups>
    </groups>
    <test started-at="2021-10-31T13:52:44 IST" name="ChromeTest" finished-at="2021-10-31T13:59:50 IST" duration-ms="425874">
      <class name="selenium.POM.ThreadLocal.testcases.S017.S0154_EditCase">
        <test-method is-config="true" signature="browserIntialization(java.lang.String)[pri:0, instance:selenium.POM.ThreadLocal.testcases.S017.S0154_EditCase@7188af83]" started-at="2021-10-31T13:56:07 IST" name="browserIntialization" finished-at="2021-10-31T13:56:07 IST" duration-ms="1" status="PASS">
          <params>
            <param index="0">
              <value>
                <![CDATA[Chrome]]>
              </value>
            </param>
          </params>
          <reporter-output>
          </reporter-output>
        </test-method> <!-- browserIntialization -->
        <test-method is-config="true" signature="getData()[pri:0, instance:selenium.POM.ThreadLocal.testcases.S017.S0154_EditCase@7188af83]" started-at="2021-10-31T13:56:07 IST" name="getData" finished-at="2021-10-31T13:56:07 IST" duration-ms="0" status="PASS">
          <reporter-output>
          </reporter-output>
        </test-method> <!-- getData -->
        <test-method is-config="true" signature="init()[pri:0, instance:selenium.POM.ThreadLocal.testcases.S017.S0154_EditCase@7188af83]" started-at="2021-10-31T13:56:07 IST" name="init" finished-at="2021-10-31T13:56:17 IST" duration-ms="9933" status="PASS">
          <reporter-output>
          </reporter-output>
        </test-method> <!-- init -->
        <test-method signature="editCase(java.lang.String,java.lang.String,java.lang.String,java.lang.String)[pri:0, instance:selenium.POM.ThreadLocal.testcases.S017.S0154_EditCase@7188af83]" started-at="2021-10-31T13:56:17 IST" name="editCase" data-provider="data" finished-at="2021-10-31T13:56:42 IST" depends-on-methods="selenium.POM.ThreadLocal.testcases.S017.S0153_CreateNewCase.newCaseCreation" duration-ms="24261" status="PASS">
          <params>
            <param index="0">
              <value>
                <![CDATA[00001324]]>
              </value>
            </param>
            <param index="1">
              <value>
                <![CDATA[Phone]]>
              </value>
            </param>
            <param index="2">
              <value>
                <![CDATA[Working]]>
              </value>
            </param>
            <param index="3">
              <value>
                <![CDATA[Low]]>
              </value>
            </param>
          </params>
          <reporter-output>
          </reporter-output>
        </test-method> <!-- editCase -->
        <test-method is-config="true" signature="tearDown()[pri:0, instance:selenium.POM.ThreadLocal.testcases.S017.S0154_EditCase@7188af83]" started-at="2021-10-31T13:56:42 IST" name="tearDown" finished-at="2021-10-31T13:56:43 IST" duration-ms="1879" status="PASS">
          <reporter-output>
          </reporter-output>
        </test-method> <!-- tearDown -->
        <test-method is-config="true" signature="init()[pri:0, instance:selenium.POM.ThreadLocal.testcases.S017.S0154_EditCase@7188af83]" started-at="2021-10-31T13:56:43 IST" name="init" finished-at="2021-10-31T13:56:50 IST" duration-ms="6658" status="PASS">
          <reporter-output>
          </reporter-output>
        </test-method> <!-- init -->
        <test-method signature="editCase(java.lang.String,java.lang.String,java.lang.String,java.lang.String)[pri:0, instance:selenium.POM.ThreadLocal.testcases.S017.S0154_EditCase@7188af83]" started-at="2021-10-31T13:56:50 IST" name="editCase" data-provider="data" finished-at="2021-10-31T13:57:17 IST" depends-on-methods="selenium.POM.ThreadLocal.testcases.S017.S0153_CreateNewCase.newCaseCreation" duration-ms="26747" status="PASS">
          <params>
            <param index="0">
              <value>
                <![CDATA[00001325]]>
              </value>
            </param>
            <param index="1">
              <value>
                <![CDATA[Phone]]>
              </value>
            </param>
            <param index="2">
              <value>
                <![CDATA[Working]]>
              </value>
            </param>
            <param index="3">
              <value>
                <![CDATA[Low]]>
              </value>
            </param>
          </params>
          <reporter-output>
          </reporter-output>
        </test-method> <!-- editCase -->
        <test-method is-config="true" signature="tearDown()[pri:0, instance:selenium.POM.ThreadLocal.testcases.S017.S0154_EditCase@7188af83]" started-at="2021-10-31T13:57:17 IST" name="tearDown" finished-at="2021-10-31T13:57:19 IST" duration-ms="1863" status="PASS">
          <reporter-output>
          </reporter-output>
        </test-method> <!-- tearDown -->
        <test-method is-config="true" signature="init()[pri:0, instance:selenium.POM.ThreadLocal.testcases.S017.S0154_EditCase@7188af83]" started-at="2021-10-31T13:57:19 IST" name="init" finished-at="2021-10-31T13:57:29 IST" duration-ms="10350" status="PASS">
          <reporter-output>
          </reporter-output>
        </test-method> <!-- init -->
        <test-method signature="editCase(java.lang.String,java.lang.String,java.lang.String,java.lang.String)[pri:0, instance:selenium.POM.ThreadLocal.testcases.S017.S0154_EditCase@7188af83]" started-at="2021-10-31T13:57:29 IST" name="editCase" data-provider="data" finished-at="2021-10-31T13:57:54 IST" depends-on-methods="selenium.POM.ThreadLocal.testcases.S017.S0153_CreateNewCase.newCaseCreation" duration-ms="25196" status="PASS">
          <params>
            <param index="0">
              <value>
                <![CDATA[00001327]]>
              </value>
            </param>
            <param index="1">
              <value>
                <![CDATA[Email]]>
              </value>
            </param>
            <param index="2">
              <value>
                <![CDATA[In Progress]]>
              </value>
            </param>
            <param index="3">
              <value>
                <![CDATA[High]]>
              </value>
            </param>
          </params>
          <reporter-output>
          </reporter-output>
        </test-method> <!-- editCase -->
        <test-method is-config="true" signature="tearDown()[pri:0, instance:selenium.POM.ThreadLocal.testcases.S017.S0154_EditCase@7188af83]" started-at="2021-10-31T13:57:54 IST" name="tearDown" finished-at="2021-10-31T13:57:56 IST" duration-ms="2137" status="PASS">
          <reporter-output>
          </reporter-output>
        </test-method> <!-- tearDown -->
      </class> <!-- selenium.POM.ThreadLocal.testcases.S017.S0154_EditCase -->
      <class name="selenium.POM.ThreadLocal.testcases.S017.S0156_CreateCasewithoutmandatoryfields">
        <test-method is-config="true" signature="browserIntialization(java.lang.String)[pri:0, instance:selenium.POM.ThreadLocal.testcases.S017.S0156_CreateCasewithoutmandatoryfields@1033576a]" started-at="2021-10-31T13:54:44 IST" name="browserIntialization" finished-at="2021-10-31T13:54:44 IST" duration-ms="1" status="PASS">
          <params>
            <param index="0">
              <value>
                <![CDATA[Chrome]]>
              </value>
            </param>
          </params>
          <reporter-output>
          </reporter-output>
        </test-method> <!-- browserIntialization -->
        <test-method is-config="true" signature="getData()[pri:0, instance:selenium.POM.ThreadLocal.testcases.S017.S0156_CreateCasewithoutmandatoryfields@1033576a]" started-at="2021-10-31T13:54:44 IST" name="getData" finished-at="2021-10-31T13:54:44 IST" duration-ms="0" status="PASS">
          <reporter-output>
          </reporter-output>
        </test-method> <!-- getData -->
        <test-method is-config="true" signature="init()[pri:0, instance:selenium.POM.ThreadLocal.testcases.S017.S0156_CreateCasewithoutmandatoryfields@1033576a]" started-at="2021-10-31T13:54:44 IST" name="init" finished-at="2021-10-31T13:54:54 IST" duration-ms="10002" status="PASS">
          <reporter-output>
          </reporter-output>
        </test-method> <!-- init -->
        <test-method signature="newCaseCreationNegative(java.lang.String,java.lang.String,java.lang.String,java.lang.String,java.lang.String,java.lang.String)[pri:0, instance:selenium.POM.ThreadLocal.testcases.S017.S0156_CreateCasewithoutmandatoryfields@1033576a]" started-at="2021-10-31T13:54:54 IST" name="newCaseCreationNegative" data-provider="data" finished-at="2021-10-31T13:55:27 IST" duration-ms="33629" status="PASS">
          <params>
            <param index="0">
              <value>
                <![CDATA[Mr.]]>
              </value>
            </param>
            <param index="1">
              <value>
                <![CDATA[Velmurugan]]>
              </value>
            </param>
            <param index="2">
              <value>
                <![CDATA[Subramanian]]>
              </value>
            </param>
            <param index="3">
              <value>
                <![CDATA[None]]>
              </value>
            </param>
            <param index="4">
              <value>
                <![CDATA[Testing]]>
              </value>
            </param>
            <param index="5">
              <value>
                <![CDATA[Automation Testing]]>
              </value>
            </param>
          </params>
          <reporter-output>
          </reporter-output>
        </test-method> <!-- newCaseCreationNegative -->
        <test-method is-config="true" signature="tearDown()[pri:0, instance:selenium.POM.ThreadLocal.testcases.S017.S0156_CreateCasewithoutmandatoryfields@1033576a]" started-at="2021-10-31T13:55:27 IST" name="tearDown" finished-at="2021-10-31T13:55:29 IST" duration-ms="1896" status="PASS">
          <reporter-output>
          </reporter-output>
        </test-method> <!-- tearDown -->
        <test-method is-config="true" signature="init()[pri:0, instance:selenium.POM.ThreadLocal.testcases.S017.S0156_CreateCasewithoutmandatoryfields@1033576a]" started-at="2021-10-31T13:55:29 IST" name="init" finished-at="2021-10-31T13:55:40 IST" duration-ms="10713" status="PASS">
          <reporter-output>
          </reporter-output>
        </test-method> <!-- init -->
        <test-method signature="newCaseCreationNegative(java.lang.String,java.lang.String,java.lang.String,java.lang.String,java.lang.String,java.lang.String)[pri:0, instance:selenium.POM.ThreadLocal.testcases.S017.S0156_CreateCasewithoutmandatoryfields@1033576a]" started-at="2021-10-31T13:55:40 IST" name="newCaseCreationNegative" data-provider="data" finished-at="2021-10-31T13:56:05 IST" duration-ms="25451" status="PASS">
          <params>
            <param index="0">
              <value>
                <![CDATA[Mr.]]>
              </value>
            </param>
            <param index="1">
              <value>
                <![CDATA[Rajesh]]>
              </value>
            </param>
            <param index="2">
              <value>
                <![CDATA[Kumar]]>
              </value>
            </param>
            <param index="3">
              <value>
                <![CDATA[None]]>
              </value>
            </param>
            <param index="4">
              <value>
                <![CDATA[Dev]]>
              </value>
            </param>
            <param index="5">
              <value>
                <![CDATA[Backend Developer]]>
              </value>
            </param>
          </params>
          <reporter-output>
          </reporter-output>
        </test-method> <!-- newCaseCreationNegative -->
        <test-method is-config="true" signature="tearDown()[pri:0, instance:selenium.POM.ThreadLocal.testcases.S017.S0156_CreateCasewithoutmandatoryfields@1033576a]" started-at="2021-10-31T13:56:05 IST" name="tearDown" finished-at="2021-10-31T13:56:07 IST" duration-ms="1872" status="PASS">
          <reporter-output>
          </reporter-output>
        </test-method> <!-- tearDown -->
      </class> <!-- selenium.POM.ThreadLocal.testcases.S017.S0156_CreateCasewithoutmandatoryfields -->
      <class name="selenium.POM.ThreadLocal.testcases.S017.S0153_CreateNewCase">
        <test-method is-config="true" signature="listInitialization()[pri:0, instance:selenium.POM.ThreadLocal.testcases.S017.S0153_CreateNewCase@6c284af]" started-at="2021-10-31T13:52:44 IST" name="listInitialization" finished-at="2021-10-31T13:52:44 IST" duration-ms="21" status="PASS">
          <reporter-output>
          </reporter-output>
        </test-method> <!-- listInitialization -->
        <test-method is-config="true" signature="browserIntialization(java.lang.String)[pri:0, instance:selenium.POM.ThreadLocal.testcases.S017.S0153_CreateNewCase@6c284af]" started-at="2021-10-31T13:52:44 IST" name="browserIntialization" finished-at="2021-10-31T13:52:44 IST" duration-ms="10" status="PASS">
          <params>
            <param index="0">
              <value>
                <![CDATA[Chrome]]>
              </value>
            </param>
          </params>
          <reporter-output>
          </reporter-output>
        </test-method> <!-- browserIntialization -->
        <test-method is-config="true" signature="getData()[pri:0, instance:selenium.POM.ThreadLocal.testcases.S017.S0153_CreateNewCase@6c284af]" started-at="2021-10-31T13:52:44 IST" name="getData" finished-at="2021-10-31T13:52:44 IST" duration-ms="0" status="PASS">
          <reporter-output>
          </reporter-output>
        </test-method> <!-- getData -->
        <test-method is-config="true" signature="init()[pri:0, instance:selenium.POM.ThreadLocal.testcases.S017.S0153_CreateNewCase@6c284af]" started-at="2021-10-31T13:52:46 IST" name="init" finished-at="2021-10-31T13:52:58 IST" duration-ms="12625" status="PASS">
          <reporter-output>
          </reporter-output>
        </test-method> <!-- init -->
        <test-method signature="newCaseCreation(java.lang.String,java.lang.String,java.lang.String,java.lang.String,java.lang.String,java.lang.String,java.lang.String)[pri:0, instance:selenium.POM.ThreadLocal.testcases.S017.S0153_CreateNewCase@6c284af]" started-at="2021-10-31T13:52:58 IST" name="newCaseCreation" data-provider="data" finished-at="2021-10-31T13:53:27 IST" duration-ms="29156" status="PASS">
          <params>
            <param index="0">
              <value>
                <![CDATA[Mr.]]>
              </value>
            </param>
            <param index="1">
              <value>
                <![CDATA[Velmurugan]]>
              </value>
            </param>
            <param index="2">
              <value>
                <![CDATA[Subramanian]]>
              </value>
            </param>
            <param index="3">
              <value>
                <![CDATA[Email]]>
              </value>
            </param>
            <param index="4">
              <value>
                <![CDATA[Escalated]]>
              </value>
            </param>
            <param index="5">
              <value>
                <![CDATA[Testing]]>
              </value>
            </param>
            <param index="6">
              <value>
                <![CDATA[Dummy]]>
              </value>
            </param>
          </params>
          <reporter-output>
          </reporter-output>
        </test-method> <!-- newCaseCreation -->
        <test-method is-config="true" signature="tearDown()[pri:0, instance:selenium.POM.ThreadLocal.testcases.S017.S0153_CreateNewCase@6c284af]" started-at="2021-10-31T13:53:27 IST" name="tearDown" finished-at="2021-10-31T13:53:30 IST" duration-ms="2188" status="PASS">
          <reporter-output>
          </reporter-output>
        </test-method> <!-- tearDown -->
        <test-method is-config="true" signature="init()[pri:0, instance:selenium.POM.ThreadLocal.testcases.S017.S0153_CreateNewCase@6c284af]" started-at="2021-10-31T13:53:30 IST" name="init" finished-at="2021-10-31T13:53:36 IST" duration-ms="5880" status="PASS">
          <reporter-output>
          </reporter-output>
        </test-method> <!-- init -->
        <test-method signature="newCaseCreation(java.lang.String,java.lang.String,java.lang.String,java.lang.String,java.lang.String,java.lang.String,java.lang.String)[pri:0, instance:selenium.POM.ThreadLocal.testcases.S017.S0153_CreateNewCase@6c284af]" started-at="2021-10-31T13:53:36 IST" name="newCaseCreation" data-provider="data" finished-at="2021-10-31T13:54:03 IST" duration-ms="27026" status="PASS">
          <params>
            <param index="0">
              <value>
                <![CDATA[Dr.]]>
              </value>
            </param>
            <param index="1">
              <value>
                <![CDATA[Rajesh]]>
              </value>
            </param>
            <param index="2">
              <value>
                <![CDATA[Kumar]]>
              </value>
            </param>
            <param index="3">
              <value>
                <![CDATA[Email]]>
              </value>
            </param>
            <param index="4">
              <value>
                <![CDATA[Escalated]]>
              </value>
            </param>
            <param index="5">
              <value>
                <![CDATA[Dev]]>
              </value>
            </param>
            <param index="6">
              <value>
                <![CDATA[Dummy]]>
              </value>
            </param>
          </params>
          <reporter-output>
          </reporter-output>
        </test-method> <!-- newCaseCreation -->
        <test-method is-config="true" signature="tearDown()[pri:0, instance:selenium.POM.ThreadLocal.testcases.S017.S0153_CreateNewCase@6c284af]" started-at="2021-10-31T13:54:03 IST" name="tearDown" finished-at="2021-10-31T13:54:05 IST" duration-ms="2056" status="PASS">
          <reporter-output>
          </reporter-output>
        </test-method> <!-- tearDown -->
        <test-method is-config="true" signature="init()[pri:0, instance:selenium.POM.ThreadLocal.testcases.S017.S0153_CreateNewCase@6c284af]" started-at="2021-10-31T13:54:05 IST" name="init" finished-at="2021-10-31T13:54:15 IST" duration-ms="10033" status="PASS">
          <reporter-output>
          </reporter-output>
        </test-method> <!-- init -->
        <test-method signature="newCaseCreation(java.lang.String,java.lang.String,java.lang.String,java.lang.String,java.lang.String,java.lang.String,java.lang.String)[pri:0, instance:selenium.POM.ThreadLocal.testcases.S017.S0153_CreateNewCase@6c284af]" started-at="2021-10-31T13:54:15 IST" name="newCaseCreation" data-provider="data" finished-at="2021-10-31T13:54:41 IST" duration-ms="26402" status="PASS">
          <params>
            <param index="0">
              <value>
                <![CDATA[Mrs.]]>
              </value>
            </param>
            <param index="1">
              <value>
                <![CDATA[Sayoni]]>
              </value>
            </param>
            <param index="2">
              <value>
                <![CDATA[Dave]]>
              </value>
            </param>
            <param index="3">
              <value>
                <![CDATA[Web]]>
              </value>
            </param>
            <param index="4">
              <value>
                <![CDATA[On Hold]]>
              </value>
            </param>
            <param index="5">
              <value>
                <![CDATA[Dev]]>
              </value>
            </param>
            <param index="6">
              <value>
                <![CDATA[Dummy]]>
              </value>
            </param>
          </params>
          <reporter-output>
          </reporter-output>
        </test-method> <!-- newCaseCreation -->
        <test-method is-config="true" signature="tearDown()[pri:0, instance:selenium.POM.ThreadLocal.testcases.S017.S0153_CreateNewCase@6c284af]" started-at="2021-10-31T13:54:41 IST" name="tearDown" finished-at="2021-10-31T13:54:43 IST" duration-ms="1932" status="PASS">
          <reporter-output>
          </reporter-output>
        </test-method> <!-- tearDown -->
        <test-method is-config="true" signature="writeCaseIDToExcel()[pri:0, instance:selenium.POM.ThreadLocal.testcases.S017.S0153_CreateNewCase@6c284af]" started-at="2021-10-31T13:54:43 IST" name="writeCaseIDToExcel" finished-at="2021-10-31T13:54:44 IST" duration-ms="727" status="PASS">
          <reporter-output>
          </reporter-output>
        </test-method> <!-- writeCaseIDToExcel -->
      </class> <!-- selenium.POM.ThreadLocal.testcases.S017.S0153_CreateNewCase -->
      <class name="selenium.POM.ThreadLocal.testcases.S017.S0155_DeleteCase">
        <test-method is-config="true" signature="browserIntialization(java.lang.String)[pri:0, instance:selenium.POM.ThreadLocal.testcases.S017.S0155_DeleteCase@7c37508a]" started-at="2021-10-31T13:57:56 IST" name="browserIntialization" finished-at="2021-10-31T13:57:56 IST" duration-ms="1" status="PASS">
          <params>
            <param index="0">
              <value>
                <![CDATA[Chrome]]>
              </value>
            </param>
          </params>
          <reporter-output>
          </reporter-output>
        </test-method> <!-- browserIntialization -->
        <test-method is-config="true" signature="getData()[pri:0, instance:selenium.POM.ThreadLocal.testcases.S017.S0155_DeleteCase@7c37508a]" started-at="2021-10-31T13:57:56 IST" name="getData" finished-at="2021-10-31T13:57:56 IST" duration-ms="1" status="PASS">
          <reporter-output>
          </reporter-output>
        </test-method> <!-- getData -->
        <test-method is-config="true" signature="init()[pri:0, instance:selenium.POM.ThreadLocal.testcases.S017.S0155_DeleteCase@7c37508a]" started-at="2021-10-31T13:57:56 IST" name="init" finished-at="2021-10-31T13:58:07 IST" duration-ms="10865" status="PASS">
          <reporter-output>
          </reporter-output>
        </test-method> <!-- init -->
        <test-method signature="deleteCase(java.lang.String)[pri:0, instance:selenium.POM.ThreadLocal.testcases.S017.S0155_DeleteCase@7c37508a]" started-at="2021-10-31T13:58:07 IST" name="deleteCase" data-provider="data" finished-at="2021-10-31T13:58:30 IST" depends-on-methods="selenium.POM.ThreadLocal.testcases.S017.S0153_CreateNewCase.newCaseCreation" duration-ms="22975" status="PASS">
          <params>
            <param index="0">
              <value>
                <![CDATA[00001324]]>
              </value>
            </param>
          </params>
          <reporter-output>
          </reporter-output>
        </test-method> <!-- deleteCase -->
        <test-method is-config="true" signature="tearDown()[pri:0, instance:selenium.POM.ThreadLocal.testcases.S017.S0155_DeleteCase@7c37508a]" started-at="2021-10-31T13:58:30 IST" name="tearDown" finished-at="2021-10-31T13:58:32 IST" duration-ms="2046" status="PASS">
          <reporter-output>
          </reporter-output>
        </test-method> <!-- tearDown -->
        <test-method is-config="true" signature="init()[pri:0, instance:selenium.POM.ThreadLocal.testcases.S017.S0155_DeleteCase@7c37508a]" started-at="2021-10-31T13:58:32 IST" name="init" finished-at="2021-10-31T13:58:43 IST" duration-ms="11137" status="PASS">
          <reporter-output>
          </reporter-output>
        </test-method> <!-- init -->
        <test-method signature="deleteCase(java.lang.String)[pri:0, instance:selenium.POM.ThreadLocal.testcases.S017.S0155_DeleteCase@7c37508a]" started-at="2021-10-31T13:58:43 IST" name="deleteCase" data-provider="data" finished-at="2021-10-31T13:59:10 IST" depends-on-methods="selenium.POM.ThreadLocal.testcases.S017.S0153_CreateNewCase.newCaseCreation" duration-ms="26595" status="PASS">
          <params>
            <param index="0">
              <value>
                <![CDATA[00001325]]>
              </value>
            </param>
          </params>
          <reporter-output>
          </reporter-output>
        </test-method> <!-- deleteCase -->
        <test-method is-config="true" signature="tearDown()[pri:0, instance:selenium.POM.ThreadLocal.testcases.S017.S0155_DeleteCase@7c37508a]" started-at="2021-10-31T13:59:10 IST" name="tearDown" finished-at="2021-10-31T13:59:12 IST" duration-ms="2030" status="PASS">
          <reporter-output>
          </reporter-output>
        </test-method> <!-- tearDown -->
        <test-method is-config="true" signature="init()[pri:0, instance:selenium.POM.ThreadLocal.testcases.S017.S0155_DeleteCase@7c37508a]" started-at="2021-10-31T13:59:12 IST" name="init" finished-at="2021-10-31T13:59:23 IST" duration-ms="10407" status="PASS">
          <reporter-output>
          </reporter-output>
        </test-method> <!-- init -->
        <test-method signature="deleteCase(java.lang.String)[pri:0, instance:selenium.POM.ThreadLocal.testcases.S017.S0155_DeleteCase@7c37508a]" started-at="2021-10-31T13:59:23 IST" name="deleteCase" data-provider="data" finished-at="2021-10-31T13:59:48 IST" depends-on-methods="selenium.POM.ThreadLocal.testcases.S017.S0153_CreateNewCase.newCaseCreation" duration-ms="25681" status="PASS">
          <params>
            <param index="0">
              <value>
                <![CDATA[00001327]]>
              </value>
            </param>
          </params>
          <reporter-output>
          </reporter-output>
        </test-method> <!-- deleteCase -->
        <test-method is-config="true" signature="tearDown()[pri:0, instance:selenium.POM.ThreadLocal.testcases.S017.S0155_DeleteCase@7c37508a]" started-at="2021-10-31T13:59:48 IST" name="tearDown" finished-at="2021-10-31T13:59:50 IST" duration-ms="2075" status="PASS">
          <reporter-output>
          </reporter-output>
        </test-method> <!-- tearDown -->
      </class> <!-- selenium.POM.ThreadLocal.testcases.S017.S0155_DeleteCase -->
    </test> <!-- ChromeTest -->
    <test started-at="2021-10-31T13:52:44 IST" name="FirefoxTest" finished-at="2021-10-31T14:00:42 IST" duration-ms="477446">
      <class name="selenium.POM.ThreadLocal.testcases.S017.S0154_EditCase">
        <test-method is-config="true" signature="browserIntialization(java.lang.String)[pri:0, instance:selenium.POM.ThreadLocal.testcases.S017.S0154_EditCase@7bd7d6d6]" started-at="2021-10-31T13:56:24 IST" name="browserIntialization" finished-at="2021-10-31T13:56:24 IST" duration-ms="1" status="PASS">
          <params>
            <param index="0">
              <value>
                <![CDATA[Firefox]]>
              </value>
            </param>
          </params>
          <reporter-output>
          </reporter-output>
        </test-method> <!-- browserIntialization -->
        <test-method is-config="true" signature="getData()[pri:0, instance:selenium.POM.ThreadLocal.testcases.S017.S0154_EditCase@7bd7d6d6]" started-at="2021-10-31T13:56:24 IST" name="getData" finished-at="2021-10-31T13:56:24 IST" duration-ms="0" status="PASS">
          <reporter-output>
          </reporter-output>
        </test-method> <!-- getData -->
        <test-method is-config="true" signature="init()[pri:0, instance:selenium.POM.ThreadLocal.testcases.S017.S0154_EditCase@7bd7d6d6]" started-at="2021-10-31T13:56:24 IST" name="init" finished-at="2021-10-31T13:56:33 IST" duration-ms="8950" status="PASS">
          <reporter-output>
          </reporter-output>
        </test-method> <!-- init -->
        <test-method signature="editCase(java.lang.String,java.lang.String,java.lang.String,java.lang.String)[pri:0, instance:selenium.POM.ThreadLocal.testcases.S017.S0154_EditCase@7bd7d6d6]" started-at="2021-10-31T13:56:33 IST" name="editCase" data-provider="data" finished-at="2021-10-31T13:56:57 IST" depends-on-methods="selenium.POM.ThreadLocal.testcases.S017.S0153_CreateNewCase.newCaseCreation" duration-ms="24141" status="PASS">
          <params>
            <param index="0">
              <value>
                <![CDATA[00001323]]>
              </value>
            </param>
            <param index="1">
              <value>
                <![CDATA[Phone]]>
              </value>
            </param>
            <param index="2">
              <value>
                <![CDATA[Working]]>
              </value>
            </param>
            <param index="3">
              <value>
                <![CDATA[Low]]>
              </value>
            </param>
          </params>
          <reporter-output>
          </reporter-output>
        </test-method> <!-- editCase -->
        <test-method is-config="true" signature="tearDown()[pri:0, instance:selenium.POM.ThreadLocal.testcases.S017.S0154_EditCase@7bd7d6d6]" started-at="2021-10-31T13:56:57 IST" name="tearDown" finished-at="2021-10-31T13:57:01 IST" duration-ms="3986" status="PASS">
          <reporter-output>
          </reporter-output>
        </test-method> <!-- tearDown -->
        <test-method is-config="true" signature="init()[pri:0, instance:selenium.POM.ThreadLocal.testcases.S017.S0154_EditCase@7bd7d6d6]" started-at="2021-10-31T13:57:01 IST" name="init" finished-at="2021-10-31T13:57:12 IST" duration-ms="10179" status="PASS">
          <reporter-output>
          </reporter-output>
        </test-method> <!-- init -->
        <test-method retried="true" signature="editCase(java.lang.String,java.lang.String,java.lang.String,java.lang.String)[pri:0, instance:selenium.POM.ThreadLocal.testcases.S017.S0154_EditCase@7bd7d6d6]" started-at="2021-10-31T13:57:12 IST" name="editCase" data-provider="data" finished-at="2021-10-31T13:57:27 IST" depends-on-methods="selenium.POM.ThreadLocal.testcases.S017.S0153_CreateNewCase.newCaseCreation" duration-ms="15601" status="SKIP">
          <params>
            <param index="0">
              <value>
                <![CDATA[00001326]]>
              </value>
            </param>
            <param index="1">
              <value>
                <![CDATA[Phone]]>
              </value>
            </param>
            <param index="2">
              <value>
                <![CDATA[Working]]>
              </value>
            </param>
            <param index="3">
              <value>
                <![CDATA[Low]]>
              </value>
            </param>
          </params>
          <exception class="org.openqa.selenium.ElementClickInterceptedException">
            <message>
              <![CDATA[Element <p class="al-app-tile-description"> is not clickable at point (776,459) because another element <lightning-spinner class="slds-spinner_container"> obscures it
Build info: version: '4.0.0-rc-2', revision: '8d1e4aa5ae'
System info: host: 'DESKTOP-BI2JSEP', ip: '192.168.0.186', os.name: 'Windows 10', os.arch: 'amd64', os.version: '10.0', java.version: '16.0.1'
Driver info: org.openqa.selenium.firefox.FirefoxDriver
Command: [102b3534-ae2d-40a4-9fa9-3fc87fc893b7, clickElement {id=ccd8a6a2-0582-4d72-812e-76ab8e03075c}]
Capabilities {acceptInsecureCerts: true, browserName: firefox, browserVersion: 93.0, javascriptEnabled: true, moz:accessibilityChecks: false, moz:buildID: 20210927210923, moz:debuggerAddress: localhost:16182, moz:geckodriverVersion: 0.30.0, moz:headless: false, moz:processID: 27360, moz:profile: C:\Users\velsp\AppData\Loca..., moz:shutdownTimeout: 60000, moz:useNonSpecCompliantPointerOrigin: false, moz:webdriverClick: true, pageLoadStrategy: normal, platform: WINDOWS, platformName: WINDOWS, platformVersion: 10.0, proxy: Proxy(), se:cdp: ws://localhost:16182/devtoo..., se:cdpVersion: 85, setWindowRect: true, strictFileInteractability: false, timeouts: {implicit: 0, pageLoad: 300000, script: 30000}, unhandledPromptBehavior: dismiss and notify}
Element: [[FirefoxDriver: firefox on WINDOWS (102b3534-ae2d-40a4-9fa9-3fc87fc893b7)] -> xpath: //div[@class='slds-truncate']//p[contains(text(),'Manage your sales')]]
Session ID: 102b3534-ae2d-40a4-9fa9-3fc87fc893b7]]>
            </message>
            <full-stacktrace>
              <![CDATA[org.openqa.selenium.ElementClickInterceptedException: Element <p class="al-app-tile-description"> is not clickable at point (776,459) because another element <lightning-spinner class="slds-spinner_container"> obscures it
Build info: version: '4.0.0-rc-2', revision: '8d1e4aa5ae'
System info: host: 'DESKTOP-BI2JSEP', ip: '192.168.0.186', os.name: 'Windows 10', os.arch: 'amd64', os.version: '10.0', java.version: '16.0.1'
Driver info: org.openqa.selenium.firefox.FirefoxDriver
Command: [102b3534-ae2d-40a4-9fa9-3fc87fc893b7, clickElement {id=ccd8a6a2-0582-4d72-812e-76ab8e03075c}]
Capabilities {acceptInsecureCerts: true, browserName: firefox, browserVersion: 93.0, javascriptEnabled: true, moz:accessibilityChecks: false, moz:buildID: 20210927210923, moz:debuggerAddress: localhost:16182, moz:geckodriverVersion: 0.30.0, moz:headless: false, moz:processID: 27360, moz:profile: C:\Users\velsp\AppData\Loca..., moz:shutdownTimeout: 60000, moz:useNonSpecCompliantPointerOrigin: false, moz:webdriverClick: true, pageLoadStrategy: normal, platform: WINDOWS, platformName: WINDOWS, platformVersion: 10.0, proxy: Proxy(), se:cdp: ws://localhost:16182/devtoo..., se:cdpVersion: 85, setWindowRect: true, strictFileInteractability: false, timeouts: {implicit: 0, pageLoad: 300000, script: 30000}, unhandledPromptBehavior: dismiss and notify}
Element: [[FirefoxDriver: firefox on WINDOWS (102b3534-ae2d-40a4-9fa9-3fc87fc893b7)] -> xpath: //div[@class='slds-truncate']//p[contains(text(),'Manage your sales')]]
Session ID: 102b3534-ae2d-40a4-9fa9-3fc87fc893b7
at java.base/jdk.internal.reflect.NativeConstructorAccessorImpl.newInstance0(Native Method)
at java.base/jdk.internal.reflect.NativeConstructorAccessorImpl.newInstance(NativeConstructorAccessorImpl.java:78)
at java.base/jdk.internal.reflect.DelegatingConstructorAccessorImpl.newInstance(DelegatingConstructorAccessorImpl.java:45)
at java.base/java.lang.reflect.Constructor.newInstanceWithCaller(Constructor.java:499)
at java.base/java.lang.reflect.Constructor.newInstance(Constructor.java:480)
at org.openqa.selenium.remote.codec.w3c.W3CHttpResponseCodec.createException(W3CHttpResponseCodec.java:200)
at org.openqa.selenium.remote.codec.w3c.W3CHttpResponseCodec.decode(W3CHttpResponseCodec.java:133)
at org.openqa.selenium.remote.codec.w3c.W3CHttpResponseCodec.decode(W3CHttpResponseCodec.java:53)
at org.openqa.selenium.remote.HttpCommandExecutor.execute(HttpCommandExecutor.java:184)
at org.openqa.selenium.remote.service.DriverCommandExecutor.invokeExecute(DriverCommandExecutor.java:164)
at org.openqa.selenium.remote.service.DriverCommandExecutor.execute(DriverCommandExecutor.java:139)
at org.openqa.selenium.remote.RemoteWebDriver.execute(RemoteWebDriver.java:559)
at org.openqa.selenium.remote.RemoteWebElement.execute(RemoteWebElement.java:251)
at org.openqa.selenium.remote.RemoteWebElement.click(RemoteWebElement.java:77)
at selenium.POM.ThreadLocal.pages.HomePage.clickSales(HomePage.java:36)
at selenium.POM.ThreadLocal.testcases.S017.S0154_EditCase.editCase(S0154_EditCase.java:42)
at java.base/jdk.internal.reflect.NativeMethodAccessorImpl.invoke0(Native Method)
at java.base/jdk.internal.reflect.NativeMethodAccessorImpl.invoke(NativeMethodAccessorImpl.java:78)
at java.base/jdk.internal.reflect.DelegatingMethodAccessorImpl.invoke(DelegatingMethodAccessorImpl.java:43)
at java.base/java.lang.reflect.Method.invoke(Method.java:567)
at org.testng.internal.MethodInvocationHelper.invokeMethod(MethodInvocationHelper.java:133)
at org.testng.internal.TestInvoker.invokeMethod(TestInvoker.java:598)
at org.testng.internal.TestInvoker.invokeTestMethod(TestInvoker.java:173)
at org.testng.internal.MethodRunner.runInSequence(MethodRunner.java:46)
at org.testng.internal.TestInvoker$MethodInvocationAgent.invoke(TestInvoker.java:824)
at org.testng.internal.TestInvoker.invokeTestMethods(TestInvoker.java:146)
at org.testng.internal.TestMethodWorker.invokeTestMethods(TestMethodWorker.java:146)
at org.testng.internal.TestMethodWorker.run(TestMethodWorker.java:128)
at java.base/java.util.ArrayList.forEach(ArrayList.java:1511)
at org.testng.TestRunner.privateRun(TestRunner.java:794)
at org.testng.TestRunner.run(TestRunner.java:596)
at org.testng.SuiteRunner.runTest(SuiteRunner.java:377)
at org.testng.SuiteRunner.access$000(SuiteRunner.java:28)
at org.testng.SuiteRunner$SuiteWorker.run(SuiteRunner.java:418)
at org.testng.internal.thread.ThreadUtil.lambda$execute$0(ThreadUtil.java:64)
at java.base/java.util.concurrent.FutureTask.run(FutureTask.java:264)
at java.base/java.util.concurrent.ThreadPoolExecutor.runWorker(ThreadPoolExecutor.java:1130)
at java.base/java.util.concurrent.ThreadPoolExecutor$Worker.run(ThreadPoolExecutor.java:630)
at java.base/java.lang.Thread.run(Thread.java:831)
]]>
            </full-stacktrace>
          </exception> <!-- org.openqa.selenium.ElementClickInterceptedException -->
          <reporter-output>
          </reporter-output>
        </test-method> <!-- editCase -->
        <test-method is-config="true" signature="tearDown()[pri:0, instance:selenium.POM.ThreadLocal.testcases.S017.S0154_EditCase@7bd7d6d6]" started-at="2021-10-31T13:57:27 IST" name="tearDown" finished-at="2021-10-31T13:57:31 IST" duration-ms="4079" status="PASS">
          <reporter-output>
          </reporter-output>
        </test-method> <!-- tearDown -->
        <test-method is-config="true" signature="init()[pri:0, instance:selenium.POM.ThreadLocal.testcases.S017.S0154_EditCase@7bd7d6d6]" started-at="2021-10-31T13:57:31 IST" name="init" finished-at="2021-10-31T13:57:41 IST" duration-ms="10075" status="PASS">
          <reporter-output>
          </reporter-output>
        </test-method> <!-- init -->
        <test-method signature="editCase(java.lang.String,java.lang.String,java.lang.String,java.lang.String)[pri:0, instance:selenium.POM.ThreadLocal.testcases.S017.S0154_EditCase@7bd7d6d6]" started-at="2021-10-31T13:57:41 IST" name="editCase" data-provider="data" finished-at="2021-10-31T13:58:02 IST" depends-on-methods="selenium.POM.ThreadLocal.testcases.S017.S0153_CreateNewCase.newCaseCreation" duration-ms="20767" status="FAIL">
          <params>
            <param index="0">
              <value>
                <![CDATA[00001326]]>
              </value>
            </param>
            <param index="1">
              <value>
                <![CDATA[Phone]]>
              </value>
            </param>
            <param index="2">
              <value>
                <![CDATA[Working]]>
              </value>
            </param>
            <param index="3">
              <value>
                <![CDATA[Low]]>
              </value>
            </param>
          </params>
          <exception class="org.openqa.selenium.ElementNotInteractableException">
            <message>
              <![CDATA[Element <a href="javascript:void(0);"> could not be scrolled into view
Build info: version: '4.0.0-rc-2', revision: '8d1e4aa5ae'
System info: host: 'DESKTOP-BI2JSEP', ip: '192.168.0.186', os.name: 'Windows 10', os.arch: 'amd64', os.version: '10.0', java.version: '16.0.1'
Driver info: org.openqa.selenium.firefox.FirefoxDriver
Command: [69ec8e3c-8387-41f9-88ec-41b68144c347, clickElement {id=38fb4885-2a82-4bd0-84db-e9067f9f49e9}]
Capabilities {acceptInsecureCerts: true, browserName: firefox, browserVersion: 93.0, javascriptEnabled: true, moz:accessibilityChecks: false, moz:buildID: 20210927210923, moz:debuggerAddress: localhost:35064, moz:geckodriverVersion: 0.30.0, moz:headless: false, moz:processID: 30632, moz:profile: C:\Users\velsp\AppData\Loca..., moz:shutdownTimeout: 60000, moz:useNonSpecCompliantPointerOrigin: false, moz:webdriverClick: true, pageLoadStrategy: normal, platform: WINDOWS, platformName: WINDOWS, platformVersion: 10.0, proxy: Proxy(), se:cdp: ws://localhost:35064/devtoo..., se:cdpVersion: 85, setWindowRect: true, strictFileInteractability: false, timeouts: {implicit: 0, pageLoad: 300000, script: 30000}, unhandledPromptBehavior: dismiss and notify}
Element: [[FirefoxDriver: firefox on WINDOWS (69ec8e3c-8387-41f9-88ec-41b68144c347)] -> xpath: (//a[@title='Edit'])]
Session ID: 69ec8e3c-8387-41f9-88ec-41b68144c347]]>
            </message>
            <full-stacktrace>
              <![CDATA[org.openqa.selenium.ElementNotInteractableException: Element <a href="javascript:void(0);"> could not be scrolled into view
Build info: version: '4.0.0-rc-2', revision: '8d1e4aa5ae'
System info: host: 'DESKTOP-BI2JSEP', ip: '192.168.0.186', os.name: 'Windows 10', os.arch: 'amd64', os.version: '10.0', java.version: '16.0.1'
Driver info: org.openqa.selenium.firefox.FirefoxDriver
Command: [69ec8e3c-8387-41f9-88ec-41b68144c347, clickElement {id=38fb4885-2a82-4bd0-84db-e9067f9f49e9}]
Capabilities {acceptInsecureCerts: true, browserName: firefox, browserVersion: 93.0, javascriptEnabled: true, moz:accessibilityChecks: false, moz:buildID: 20210927210923, moz:debuggerAddress: localhost:35064, moz:geckodriverVersion: 0.30.0, moz:headless: false, moz:processID: 30632, moz:profile: C:\Users\velsp\AppData\Loca..., moz:shutdownTimeout: 60000, moz:useNonSpecCompliantPointerOrigin: false, moz:webdriverClick: true, pageLoadStrategy: normal, platform: WINDOWS, platformName: WINDOWS, platformVersion: 10.0, proxy: Proxy(), se:cdp: ws://localhost:35064/devtoo..., se:cdpVersion: 85, setWindowRect: true, strictFileInteractability: false, timeouts: {implicit: 0, pageLoad: 300000, script: 30000}, unhandledPromptBehavior: dismiss and notify}
Element: [[FirefoxDriver: firefox on WINDOWS (69ec8e3c-8387-41f9-88ec-41b68144c347)] -> xpath: (//a[@title='Edit'])]
Session ID: 69ec8e3c-8387-41f9-88ec-41b68144c347
at java.base/jdk.internal.reflect.NativeConstructorAccessorImpl.newInstance0(Native Method)
at java.base/jdk.internal.reflect.NativeConstructorAccessorImpl.newInstance(NativeConstructorAccessorImpl.java:78)
at java.base/jdk.internal.reflect.DelegatingConstructorAccessorImpl.newInstance(DelegatingConstructorAccessorImpl.java:45)
at java.base/java.lang.reflect.Constructor.newInstanceWithCaller(Constructor.java:499)
at java.base/java.lang.reflect.Constructor.newInstance(Constructor.java:480)
at org.openqa.selenium.remote.codec.w3c.W3CHttpResponseCodec.createException(W3CHttpResponseCodec.java:200)
at org.openqa.selenium.remote.codec.w3c.W3CHttpResponseCodec.decode(W3CHttpResponseCodec.java:133)
at org.openqa.selenium.remote.codec.w3c.W3CHttpResponseCodec.decode(W3CHttpResponseCodec.java:53)
at org.openqa.selenium.remote.HttpCommandExecutor.execute(HttpCommandExecutor.java:184)
at org.openqa.selenium.remote.service.DriverCommandExecutor.invokeExecute(DriverCommandExecutor.java:164)
at org.openqa.selenium.remote.service.DriverCommandExecutor.execute(DriverCommandExecutor.java:139)
at org.openqa.selenium.remote.RemoteWebDriver.execute(RemoteWebDriver.java:559)
at org.openqa.selenium.remote.RemoteWebElement.execute(RemoteWebElement.java:251)
at org.openqa.selenium.remote.RemoteWebElement.click(RemoteWebElement.java:77)
at selenium.POM.ThreadLocal.pages.CasesPage.clickEdit(CasesPage.java:27)
at selenium.POM.ThreadLocal.testcases.S017.S0154_EditCase.editCase(S0154_EditCase.java:46)
at java.base/jdk.internal.reflect.NativeMethodAccessorImpl.invoke0(Native Method)
at java.base/jdk.internal.reflect.NativeMethodAccessorImpl.invoke(NativeMethodAccessorImpl.java:78)
at java.base/jdk.internal.reflect.DelegatingMethodAccessorImpl.invoke(DelegatingMethodAccessorImpl.java:43)
at java.base/java.lang.reflect.Method.invoke(Method.java:567)
at org.testng.internal.MethodInvocationHelper.invokeMethod(MethodInvocationHelper.java:133)
at org.testng.internal.TestInvoker.invokeMethod(TestInvoker.java:598)
at org.testng.internal.TestInvoker.retryFailed(TestInvoker.java:213)
at org.testng.internal.MethodRunner.runInSequence(MethodRunner.java:58)
at org.testng.internal.TestInvoker$MethodInvocationAgent.invoke(TestInvoker.java:824)
at org.testng.internal.TestInvoker.invokeTestMethods(TestInvoker.java:146)
at org.testng.internal.TestMethodWorker.invokeTestMethods(TestMethodWorker.java:146)
at org.testng.internal.TestMethodWorker.run(TestMethodWorker.java:128)
at java.base/java.util.ArrayList.forEach(ArrayList.java:1511)
at org.testng.TestRunner.privateRun(TestRunner.java:794)
at org.testng.TestRunner.run(TestRunner.java:596)
at org.testng.SuiteRunner.runTest(SuiteRunner.java:377)
at org.testng.SuiteRunner.access$000(SuiteRunner.java:28)
at org.testng.SuiteRunner$SuiteWorker.run(SuiteRunner.java:418)
at org.testng.internal.thread.ThreadUtil.lambda$execute$0(ThreadUtil.java:64)
at java.base/java.util.concurrent.FutureTask.run(FutureTask.java:264)
at java.base/java.util.concurrent.ThreadPoolExecutor.runWorker(ThreadPoolExecutor.java:1130)
at java.base/java.util.concurrent.ThreadPoolExecutor$Worker.run(ThreadPoolExecutor.java:630)
at java.base/java.lang.Thread.run(Thread.java:831)
]]>
            </full-stacktrace>
          </exception> <!-- org.openqa.selenium.ElementNotInteractableException -->
          <reporter-output>
          </reporter-output>
        </test-method> <!-- editCase -->
        <test-method is-config="true" signature="tearDown()[pri:0, instance:selenium.POM.ThreadLocal.testcases.S017.S0154_EditCase@7bd7d6d6]" started-at="2021-10-31T13:58:02 IST" name="tearDown" finished-at="2021-10-31T13:58:06 IST" duration-ms="3496" status="PASS">
          <reporter-output>
          </reporter-output>
        </test-method> <!-- tearDown -->
        <test-method is-config="true" signature="init()[pri:0, instance:selenium.POM.ThreadLocal.testcases.S017.S0154_EditCase@7bd7d6d6]" started-at="2021-10-31T13:58:06 IST" name="init" finished-at="2021-10-31T13:58:24 IST" duration-ms="18700" status="PASS">
          <reporter-output>
          </reporter-output>
        </test-method> <!-- init -->
        <test-method signature="editCase(java.lang.String,java.lang.String,java.lang.String,java.lang.String)[pri:0, instance:selenium.POM.ThreadLocal.testcases.S017.S0154_EditCase@7bd7d6d6]" started-at="2021-10-31T13:58:24 IST" name="editCase" data-provider="data" finished-at="2021-10-31T13:58:49 IST" depends-on-methods="selenium.POM.ThreadLocal.testcases.S017.S0153_CreateNewCase.newCaseCreation" duration-ms="25161" status="PASS">
          <params>
            <param index="0">
              <value>
                <![CDATA[00001328]]>
              </value>
            </param>
            <param index="1">
              <value>
                <![CDATA[Email]]>
              </value>
            </param>
            <param index="2">
              <value>
                <![CDATA[In Progress]]>
              </value>
            </param>
            <param index="3">
              <value>
                <![CDATA[High]]>
              </value>
            </param>
          </params>
          <reporter-output>
          </reporter-output>
        </test-method> <!-- editCase -->
        <test-method is-config="true" signature="tearDown()[pri:0, instance:selenium.POM.ThreadLocal.testcases.S017.S0154_EditCase@7bd7d6d6]" started-at="2021-10-31T13:58:49 IST" name="tearDown" finished-at="2021-10-31T13:58:54 IST" duration-ms="4647" status="PASS">
          <reporter-output>
          </reporter-output>
        </test-method> <!-- tearDown -->
      </class> <!-- selenium.POM.ThreadLocal.testcases.S017.S0154_EditCase -->
      <class name="selenium.POM.ThreadLocal.testcases.S017.S0156_CreateCasewithoutmandatoryfields">
        <test-method is-config="true" signature="getData()[pri:0, instance:selenium.POM.ThreadLocal.testcases.S017.S0156_CreateCasewithoutmandatoryfields@5f8e8a9d]" started-at="2021-10-31T13:54:58 IST" name="getData" finished-at="2021-10-31T13:54:58 IST" duration-ms="1" status="PASS">
          <reporter-output>
          </reporter-output>
        </test-method> <!-- getData -->
        <test-method is-config="true" signature="browserIntialization(java.lang.String)[pri:0, instance:selenium.POM.ThreadLocal.testcases.S017.S0156_CreateCasewithoutmandatoryfields@5f8e8a9d]" started-at="2021-10-31T13:54:58 IST" name="browserIntialization" finished-at="2021-10-31T13:54:58 IST" duration-ms="0" status="PASS">
          <params>
            <param index="0">
              <value>
                <![CDATA[Firefox]]>
              </value>
            </param>
          </params>
          <reporter-output>
          </reporter-output>
        </test-method> <!-- browserIntialization -->
        <test-method is-config="true" signature="init()[pri:0, instance:selenium.POM.ThreadLocal.testcases.S017.S0156_CreateCasewithoutmandatoryfields@5f8e8a9d]" started-at="2021-10-31T13:54:58 IST" name="init" finished-at="2021-10-31T13:55:07 IST" duration-ms="8165" status="PASS">
          <reporter-output>
          </reporter-output>
        </test-method> <!-- init -->
        <test-method signature="newCaseCreationNegative(java.lang.String,java.lang.String,java.lang.String,java.lang.String,java.lang.String,java.lang.String)[pri:0, instance:selenium.POM.ThreadLocal.testcases.S017.S0156_CreateCasewithoutmandatoryfields@5f8e8a9d]" started-at="2021-10-31T13:55:07 IST" name="newCaseCreationNegative" data-provider="data" finished-at="2021-10-31T13:55:38 IST" duration-ms="31508" status="PASS">
          <params>
            <param index="0">
              <value>
                <![CDATA[Mr.]]>
              </value>
            </param>
            <param index="1">
              <value>
                <![CDATA[Velmurugan]]>
              </value>
            </param>
            <param index="2">
              <value>
                <![CDATA[Subramanian]]>
              </value>
            </param>
            <param index="3">
              <value>
                <![CDATA[None]]>
              </value>
            </param>
            <param index="4">
              <value>
                <![CDATA[Testing]]>
              </value>
            </param>
            <param index="5">
              <value>
                <![CDATA[Automation Testing]]>
              </value>
            </param>
          </params>
          <reporter-output>
          </reporter-output>
        </test-method> <!-- newCaseCreationNegative -->
        <test-method is-config="true" signature="tearDown()[pri:0, instance:selenium.POM.ThreadLocal.testcases.S017.S0156_CreateCasewithoutmandatoryfields@5f8e8a9d]" started-at="2021-10-31T13:55:38 IST" name="tearDown" finished-at="2021-10-31T13:55:42 IST" duration-ms="3679" status="PASS">
          <reporter-output>
          </reporter-output>
        </test-method> <!-- tearDown -->
        <test-method is-config="true" signature="init()[pri:0, instance:selenium.POM.ThreadLocal.testcases.S017.S0156_CreateCasewithoutmandatoryfields@5f8e8a9d]" started-at="2021-10-31T13:55:42 IST" name="init" finished-at="2021-10-31T13:55:50 IST" duration-ms="8299" status="PASS">
          <reporter-output>
          </reporter-output>
        </test-method> <!-- init -->
        <test-method signature="newCaseCreationNegative(java.lang.String,java.lang.String,java.lang.String,java.lang.String,java.lang.String,java.lang.String)[pri:0, instance:selenium.POM.ThreadLocal.testcases.S017.S0156_CreateCasewithoutmandatoryfields@5f8e8a9d]" started-at="2021-10-31T13:55:50 IST" name="newCaseCreationNegative" data-provider="data" finished-at="2021-10-31T13:56:21 IST" duration-ms="30446" status="PASS">
          <params>
            <param index="0">
              <value>
                <![CDATA[Mr.]]>
              </value>
            </param>
            <param index="1">
              <value>
                <![CDATA[Rajesh]]>
              </value>
            </param>
            <param index="2">
              <value>
                <![CDATA[Kumar]]>
              </value>
            </param>
            <param index="3">
              <value>
                <![CDATA[None]]>
              </value>
            </param>
            <param index="4">
              <value>
                <![CDATA[Dev]]>
              </value>
            </param>
            <param index="5">
              <value>
                <![CDATA[Backend Developer]]>
              </value>
            </param>
          </params>
          <reporter-output>
          </reporter-output>
        </test-method> <!-- newCaseCreationNegative -->
        <test-method is-config="true" signature="tearDown()[pri:0, instance:selenium.POM.ThreadLocal.testcases.S017.S0156_CreateCasewithoutmandatoryfields@5f8e8a9d]" started-at="2021-10-31T13:56:21 IST" name="tearDown" finished-at="2021-10-31T13:56:24 IST" duration-ms="3663" status="PASS">
          <reporter-output>
          </reporter-output>
        </test-method> <!-- tearDown -->
      </class> <!-- selenium.POM.ThreadLocal.testcases.S017.S0156_CreateCasewithoutmandatoryfields -->
      <class name="selenium.POM.ThreadLocal.testcases.S017.S0153_CreateNewCase">
        <test-method is-config="true" signature="listInitialization()[pri:0, instance:selenium.POM.ThreadLocal.testcases.S017.S0153_CreateNewCase@eadd4fb]" started-at="2021-10-31T13:52:44 IST" name="listInitialization" finished-at="2021-10-31T13:52:44 IST" duration-ms="11" status="PASS">
          <reporter-output>
          </reporter-output>
        </test-method> <!-- listInitialization -->
        <test-method is-config="true" signature="browserIntialization(java.lang.String)[pri:0, instance:selenium.POM.ThreadLocal.testcases.S017.S0153_CreateNewCase@eadd4fb]" started-at="2021-10-31T13:52:44 IST" name="browserIntialization" finished-at="2021-10-31T13:52:44 IST" duration-ms="10" status="PASS">
          <params>
            <param index="0">
              <value>
                <![CDATA[Firefox]]>
              </value>
            </param>
          </params>
          <reporter-output>
          </reporter-output>
        </test-method> <!-- browserIntialization -->
        <test-method is-config="true" signature="getData()[pri:0, instance:selenium.POM.ThreadLocal.testcases.S017.S0153_CreateNewCase@eadd4fb]" started-at="2021-10-31T13:52:44 IST" name="getData" finished-at="2021-10-31T13:52:44 IST" duration-ms="0" status="PASS">
          <reporter-output>
          </reporter-output>
        </test-method> <!-- getData -->
        <test-method is-config="true" signature="init()[pri:0, instance:selenium.POM.ThreadLocal.testcases.S017.S0153_CreateNewCase@eadd4fb]" started-at="2021-10-31T13:52:46 IST" name="init" finished-at="2021-10-31T13:52:57 IST" duration-ms="11617" status="PASS">
          <reporter-output>
          </reporter-output>
        </test-method> <!-- init -->
        <test-method signature="newCaseCreation(java.lang.String,java.lang.String,java.lang.String,java.lang.String,java.lang.String,java.lang.String,java.lang.String)[pri:0, instance:selenium.POM.ThreadLocal.testcases.S017.S0153_CreateNewCase@eadd4fb]" started-at="2021-10-31T13:52:57 IST" name="newCaseCreation" data-provider="data" finished-at="2021-10-31T13:53:24 IST" duration-ms="27137" status="PASS">
          <params>
            <param index="0">
              <value>
                <![CDATA[Mr.]]>
              </value>
            </param>
            <param index="1">
              <value>
                <![CDATA[Velmurugan]]>
              </value>
            </param>
            <param index="2">
              <value>
                <![CDATA[Subramanian]]>
              </value>
            </param>
            <param index="3">
              <value>
                <![CDATA[Email]]>
              </value>
            </param>
            <param index="4">
              <value>
                <![CDATA[Escalated]]>
              </value>
            </param>
            <param index="5">
              <value>
                <![CDATA[Testing]]>
              </value>
            </param>
            <param index="6">
              <value>
                <![CDATA[Dummy]]>
              </value>
            </param>
          </params>
          <reporter-output>
          </reporter-output>
        </test-method> <!-- newCaseCreation -->
        <test-method is-config="true" signature="tearDown()[pri:0, instance:selenium.POM.ThreadLocal.testcases.S017.S0153_CreateNewCase@eadd4fb]" started-at="2021-10-31T13:53:24 IST" name="tearDown" finished-at="2021-10-31T13:53:28 IST" duration-ms="3087" status="PASS">
          <reporter-output>
          </reporter-output>
        </test-method> <!-- tearDown -->
        <test-method is-config="true" signature="init()[pri:0, instance:selenium.POM.ThreadLocal.testcases.S017.S0153_CreateNewCase@eadd4fb]" started-at="2021-10-31T13:53:28 IST" name="init" finished-at="2021-10-31T13:53:37 IST" duration-ms="9224" status="PASS">
          <reporter-output>
          </reporter-output>
        </test-method> <!-- init -->
        <test-method signature="newCaseCreation(java.lang.String,java.lang.String,java.lang.String,java.lang.String,java.lang.String,java.lang.String,java.lang.String)[pri:0, instance:selenium.POM.ThreadLocal.testcases.S017.S0153_CreateNewCase@eadd4fb]" started-at="2021-10-31T13:53:37 IST" name="newCaseCreation" data-provider="data" finished-at="2021-10-31T13:54:04 IST" duration-ms="27720" status="PASS">
          <params>
            <param index="0">
              <value>
                <![CDATA[Dr.]]>
              </value>
            </param>
            <param index="1">
              <value>
                <![CDATA[Rajesh]]>
              </value>
            </param>
            <param index="2">
              <value>
                <![CDATA[Kumar]]>
              </value>
            </param>
            <param index="3">
              <value>
                <![CDATA[Email]]>
              </value>
            </param>
            <param index="4">
              <value>
                <![CDATA[Escalated]]>
              </value>
            </param>
            <param index="5">
              <value>
                <![CDATA[Dev]]>
              </value>
            </param>
            <param index="6">
              <value>
                <![CDATA[Dummy]]>
              </value>
            </param>
          </params>
          <reporter-output>
          </reporter-output>
        </test-method> <!-- newCaseCreation -->
        <test-method is-config="true" signature="tearDown()[pri:0, instance:selenium.POM.ThreadLocal.testcases.S017.S0153_CreateNewCase@eadd4fb]" started-at="2021-10-31T13:54:04 IST" name="tearDown" finished-at="2021-10-31T13:54:11 IST" duration-ms="6256" status="PASS">
          <reporter-output>
          </reporter-output>
        </test-method> <!-- tearDown -->
        <test-method is-config="true" signature="init()[pri:0, instance:selenium.POM.ThreadLocal.testcases.S017.S0153_CreateNewCase@eadd4fb]" started-at="2021-10-31T13:54:11 IST" name="init" finished-at="2021-10-31T13:54:27 IST" duration-ms="16130" status="PASS">
          <reporter-output>
          </reporter-output>
        </test-method> <!-- init -->
        <test-method signature="newCaseCreation(java.lang.String,java.lang.String,java.lang.String,java.lang.String,java.lang.String,java.lang.String,java.lang.String)[pri:0, instance:selenium.POM.ThreadLocal.testcases.S017.S0153_CreateNewCase@eadd4fb]" started-at="2021-10-31T13:54:27 IST" name="newCaseCreation" data-provider="data" finished-at="2021-10-31T13:54:55 IST" duration-ms="28024" status="PASS">
          <params>
            <param index="0">
              <value>
                <![CDATA[Mrs.]]>
              </value>
            </param>
            <param index="1">
              <value>
                <![CDATA[Sayoni]]>
              </value>
            </param>
            <param index="2">
              <value>
                <![CDATA[Dave]]>
              </value>
            </param>
            <param index="3">
              <value>
                <![CDATA[Web]]>
              </value>
            </param>
            <param index="4">
              <value>
                <![CDATA[On Hold]]>
              </value>
            </param>
            <param index="5">
              <value>
                <![CDATA[Dev]]>
              </value>
            </param>
            <param index="6">
              <value>
                <![CDATA[Dummy]]>
              </value>
            </param>
          </params>
          <reporter-output>
          </reporter-output>
        </test-method> <!-- newCaseCreation -->
        <test-method is-config="true" signature="tearDown()[pri:0, instance:selenium.POM.ThreadLocal.testcases.S017.S0153_CreateNewCase@eadd4fb]" started-at="2021-10-31T13:54:55 IST" name="tearDown" finished-at="2021-10-31T13:54:58 IST" duration-ms="3438" status="PASS">
          <reporter-output>
          </reporter-output>
        </test-method> <!-- tearDown -->
        <test-method is-config="true" signature="writeCaseIDToExcel()[pri:0, instance:selenium.POM.ThreadLocal.testcases.S017.S0153_CreateNewCase@eadd4fb]" started-at="2021-10-31T13:54:58 IST" name="writeCaseIDToExcel" finished-at="2021-10-31T13:54:58 IST" duration-ms="117" status="PASS">
          <reporter-output>
          </reporter-output>
        </test-method> <!-- writeCaseIDToExcel -->
      </class> <!-- selenium.POM.ThreadLocal.testcases.S017.S0153_CreateNewCase -->
      <class name="selenium.POM.ThreadLocal.testcases.S017.S0155_DeleteCase">
        <test-method is-config="true" signature="browserIntialization(java.lang.String)[pri:0, instance:selenium.POM.ThreadLocal.testcases.S017.S0155_DeleteCase@239a307b]" started-at="2021-10-31T13:58:54 IST" name="browserIntialization" finished-at="2021-10-31T13:58:54 IST" duration-ms="0" status="PASS">
          <params>
            <param index="0">
              <value>
                <![CDATA[Firefox]]>
              </value>
            </param>
          </params>
          <reporter-output>
          </reporter-output>
        </test-method> <!-- browserIntialization -->
        <test-method is-config="true" signature="getData()[pri:0, instance:selenium.POM.ThreadLocal.testcases.S017.S0155_DeleteCase@239a307b]" started-at="2021-10-31T13:58:54 IST" name="getData" finished-at="2021-10-31T13:58:54 IST" duration-ms="0" status="PASS">
          <reporter-output>
          </reporter-output>
        </test-method> <!-- getData -->
        <test-method is-config="true" signature="init()[pri:0, instance:selenium.POM.ThreadLocal.testcases.S017.S0155_DeleteCase@239a307b]" started-at="2021-10-31T13:58:54 IST" name="init" finished-at="2021-10-31T13:59:06 IST" duration-ms="11433" status="PASS">
          <reporter-output>
          </reporter-output>
        </test-method> <!-- init -->
        <test-method signature="deleteCase(java.lang.String)[pri:0, instance:selenium.POM.ThreadLocal.testcases.S017.S0155_DeleteCase@239a307b]" started-at="2021-10-31T13:59:06 IST" name="deleteCase" data-provider="data" finished-at="2021-10-31T13:59:29 IST" depends-on-methods="selenium.POM.ThreadLocal.testcases.S017.S0153_CreateNewCase.newCaseCreation" duration-ms="23158" status="PASS">
          <params>
            <param index="0">
              <value>
                <![CDATA[00001323]]>
              </value>
            </param>
          </params>
          <reporter-output>
          </reporter-output>
        </test-method> <!-- deleteCase -->
        <test-method is-config="true" signature="tearDown()[pri:0, instance:selenium.POM.ThreadLocal.testcases.S017.S0155_DeleteCase@239a307b]" started-at="2021-10-31T13:59:29 IST" name="tearDown" finished-at="2021-10-31T13:59:32 IST" duration-ms="3323" status="PASS">
          <reporter-output>
          </reporter-output>
        </test-method> <!-- tearDown -->
        <test-method is-config="true" signature="init()[pri:0, instance:selenium.POM.ThreadLocal.testcases.S017.S0155_DeleteCase@239a307b]" started-at="2021-10-31T13:59:32 IST" name="init" finished-at="2021-10-31T13:59:43 IST" duration-ms="10873" status="PASS">
          <reporter-output>
          </reporter-output>
        </test-method> <!-- init -->
        <test-method signature="deleteCase(java.lang.String)[pri:0, instance:selenium.POM.ThreadLocal.testcases.S017.S0155_DeleteCase@239a307b]" started-at="2021-10-31T13:59:43 IST" name="deleteCase" data-provider="data" finished-at="2021-10-31T14:00:01 IST" depends-on-methods="selenium.POM.ThreadLocal.testcases.S017.S0153_CreateNewCase.newCaseCreation" duration-ms="18210" status="PASS">
          <params>
            <param index="0">
              <value>
                <![CDATA[00001326]]>
              </value>
            </param>
          </params>
          <reporter-output>
          </reporter-output>
        </test-method> <!-- deleteCase -->
        <test-method is-config="true" signature="tearDown()[pri:0, instance:selenium.POM.ThreadLocal.testcases.S017.S0155_DeleteCase@239a307b]" started-at="2021-10-31T14:00:01 IST" name="tearDown" finished-at="2021-10-31T14:00:04 IST" duration-ms="2853" status="PASS">
          <reporter-output>
          </reporter-output>
        </test-method> <!-- tearDown -->
        <test-method is-config="true" signature="init()[pri:0, instance:selenium.POM.ThreadLocal.testcases.S017.S0155_DeleteCase@239a307b]" started-at="2021-10-31T14:00:04 IST" name="init" finished-at="2021-10-31T14:00:20 IST" duration-ms="15754" status="PASS">
          <reporter-output>
          </reporter-output>
        </test-method> <!-- init -->
        <test-method signature="deleteCase(java.lang.String)[pri:0, instance:selenium.POM.ThreadLocal.testcases.S017.S0155_DeleteCase@239a307b]" started-at="2021-10-31T14:00:20 IST" name="deleteCase" data-provider="data" finished-at="2021-10-31T14:00:38 IST" depends-on-methods="selenium.POM.ThreadLocal.testcases.S017.S0153_CreateNewCase.newCaseCreation" duration-ms="18399" status="PASS">
          <params>
            <param index="0">
              <value>
                <![CDATA[00001328]]>
              </value>
            </param>
          </params>
          <reporter-output>
          </reporter-output>
        </test-method> <!-- deleteCase -->
        <test-method is-config="true" signature="tearDown()[pri:0, instance:selenium.POM.ThreadLocal.testcases.S017.S0155_DeleteCase@239a307b]" started-at="2021-10-31T14:00:38 IST" name="tearDown" finished-at="2021-10-31T14:00:42 IST" duration-ms="3722" status="PASS">
          <reporter-output>
          </reporter-output>
        </test-method> <!-- tearDown -->
      </class> <!-- selenium.POM.ThreadLocal.testcases.S017.S0155_DeleteCase -->
    </test> <!-- FirefoxTest -->
  </suite> <!-- Suite -->
</testng-results>
