<?xml version="1.0" encoding="UTF-8"?>
<!-- Generated by org.testng.reporters.JUnitReportReporter -->
<testsuite hostname="DESKTOP-BI2JSEP" failures="0" tests="10" name="selenium.POM.ThreadLocal.CucumberRunner.Runner" time="423.145" errors="1" timestamp="2021-11-07T10:01:46 IST" skipped="0">
  <testcase classname="selenium.POM.ThreadLocal.CucumberRunner.Runner" name="runScenario" time="34.175"/>
  <system-out/>
  <testcase classname="selenium.POM.ThreadLocal.CucumberRunner.Runner" name="runScenario" time="39.916">
    <error message="Expected condition failed: waiting for text (&#039;Chris Kong&#039;) to be present in element found by By.xpath: //table[contains(@class,&#039;forceRecordLayout&#039;)]/tbody/tr/th//a (tried for 10 second(s) with 500 milliseconds interval)
Build info: version: &#039;4.0.0-rc-2&#039;, revision: &#039;8d1e4aa5ae&#039;
System info: host: &#039;DESKTOP-BI2JSEP&#039;, ip: &#039;192.168.0.186&#039;, os.name: &#039;Windows 10&#039;, os.arch: &#039;amd64&#039;, os.version: &#039;10.0&#039;, java.version: &#039;16.0.1&#039;
Driver info: org.openqa.selenium.chrome.ChromeDriver
Capabilities {acceptInsecureCerts: false, browserName: chrome, browserVersion: 95.0.4638.69, chrome: {chromedriverVersion: 95.0.4638.54 (d31a821ec901f..., userDataDir: C:\Users\velsp\AppData\Loca...}, goog:chromeOptions: {debuggerAddress: localhost:49974}, javascriptEnabled: true, networkConnectionEnabled: false, pageLoadStrategy: normal, platform: WINDOWS, platformName: WINDOWS, proxy: Proxy(), se:cdp: ws://localhost:49974/devtoo..., se:cdpVersion: 95.0.4638.69, setWindowRect: true, strictFileInteractability: false, timeouts: {implicit: 0, pageLoad: 300000, script: 30000}, unhandledPromptBehavior: dismiss and notify, webauthn:extension:credBlob: true, webauthn:extension:largeBlob: true, webauthn:virtualAuthenticators: true}
Session ID: e9e0a750f49b92bc4521688a080fa789" type="org.openqa.selenium.TimeoutException">
      <![CDATA[org.openqa.selenium.TimeoutException: Expected condition failed: waiting for text ('Chris Kong') to be present in element found by By.xpath: //table[contains(@class,'forceRecordLayout')]/tbody/tr/th//a (tried for 10 second(s) with 500 milliseconds interval)
Build info: version: '4.0.0-rc-2', revision: '8d1e4aa5ae'
System info: host: 'DESKTOP-BI2JSEP', ip: '192.168.0.186', os.name: 'Windows 10', os.arch: 'amd64', os.version: '10.0', java.version: '16.0.1'
Driver info: org.openqa.selenium.chrome.ChromeDriver
Capabilities {acceptInsecureCerts: false, browserName: chrome, browserVersion: 95.0.4638.69, chrome: {chromedriverVersion: 95.0.4638.54 (d31a821ec901f..., userDataDir: C:\Users\velsp\AppData\Loca...}, goog:chromeOptions: {debuggerAddress: localhost:49974}, javascriptEnabled: true, networkConnectionEnabled: false, pageLoadStrategy: normal, platform: WINDOWS, platformName: WINDOWS, proxy: Proxy(), se:cdp: ws://localhost:49974/devtoo..., se:cdpVersion: 95.0.4638.69, setWindowRect: true, strictFileInteractability: false, timeouts: {implicit: 0, pageLoad: 300000, script: 30000}, unhandledPromptBehavior: dismiss and notify, webauthn:extension:credBlob: true, webauthn:extension:largeBlob: true, webauthn:virtualAuthenticators: true}
Session ID: e9e0a750f49b92bc4521688a080fa789
at org.openqa.selenium.support.ui.WebDriverWait.timeoutException(WebDriverWait.java:138)
at org.openqa.selenium.support.ui.FluentWait.until(FluentWait.java:231)
at selenium.POM.ThreadLocal.CucumberPages.AccountsPage.clickEditForAccount(AccountsPage.java:63)
at ✽.Click the "Chris Kong" for Edit(file:///C:/Users/velsp/eclipse-workspace/FullStackAutomationPgm/../FullStackAutomationPgm/src/main/java/selenium/POM/ThreadLocal/CucumberFeatures/S012/S0130_EditAccount.feature:15)
]]>
    </error>
  </testcase> <!-- runScenario -->
  <system-out/>
  <testcase classname="selenium.POM.ThreadLocal.CucumberRunner.Runner" name="runScenario" time="41.412"/>
  <system-out/>
  <testcase classname="selenium.POM.ThreadLocal.CucumberRunner.Runner" name="runScenario" time="48.286"/>
  <system-out/>
  <testcase classname="selenium.POM.ThreadLocal.CucumberRunner.Runner" name="runScenario" time="41.274"/>
  <system-out/>
  <testcase classname="selenium.POM.ThreadLocal.CucumberRunner.Runner" name="runScenario" time="46.830"/>
  <system-out/>
  <testcase classname="selenium.POM.ThreadLocal.CucumberRunner.Runner" name="runScenario" time="38.648"/>
  <system-out/>
  <testcase classname="selenium.POM.ThreadLocal.CucumberRunner.Runner" name="runScenario" time="40.793"/>
  <system-out/>
  <testcase classname="selenium.POM.ThreadLocal.CucumberRunner.Runner" name="runScenario" time="47.061"/>
  <system-out/>
  <testcase classname="selenium.POM.ThreadLocal.CucumberRunner.Runner" name="runScenario" time="44.750"/>
  <system-out/>
</testsuite> <!-- selenium.POM.ThreadLocal.CucumberRunner.Runner -->
